<?xml version="1.0" encoding="UTF-8"?>
<!-- Generated by org.testng.reporters.JUnitReportReporter -->
<testsuite skipped="0" hostname="LAPTOP-6T1ITKLO" name="com.romanceabroad.ui.RegistrationTests2" tests="2" failures="0" timestamp="2021-07-19T22:46:37 EDT" time="77.961" errors="0">
  <testcase name="selectRandomDropDownListMaxAgeTestCase12" time="32.983" classname="com.romanceabroad.ui.RegistrationTests2"/>
  <system-out/>
  <testcase name="testRegistrationTestCase1" time="44.978" classname="com.romanceabroad.ui.RegistrationTests2"/>
  <system-out/>
</testsuite> <!-- com.romanceabroad.ui.RegistrationTests2 -->
