<?xml version="1.0" encoding="UTF-8"?>
<testsuite xmlns:xsi="http://www.w3.org/2001/XMLSchema-instance" xsi:noNamespaceSchemaLocation="https://maven.apache.org/surefire/maven-surefire-plugin/xsd/surefire-test-report-3.0.xsd" version="3.0" name="TestSuite" time="632.117" tests="5" errors="0" skipped="4" failures="1">
  <properties>
    <property name="sun.desktop" value="windows"/>
    <property name="awt.toolkit" value="sun.awt.windows.WToolkit"/>
    <property name="file.encoding.pkg" value="sun.io"/>
    <property name="java.specification.version" value="1.8"/>
    <property name="sun.cpu.isalist" value="amd64"/>
    <property name="sun.jnu.encoding" value="Cp1252"/>
    <property name="java.class.path" value="C:\Users\Dana1\GitHub\romance05\romanceabroad05\target\test-classes;C:\Users\Dana1\GitHub\romance05\romanceabroad05\target\classes;C:\WINDOWS\system32\config\systemprofile\.m2\repository\org\seleniumhq\selenium\selenium-java\3.141.59\selenium-java-3.141.59.jar;C:\WINDOWS\system32\config\systemprofile\.m2\repository\org\seleniumhq\selenium\selenium-api\3.141.59\selenium-api-3.141.59.jar;C:\WINDOWS\system32\config\systemprofile\.m2\repository\org\seleniumhq\selenium\selenium-chrome-driver\3.141.59\selenium-chrome-driver-3.141.59.jar;C:\WINDOWS\system32\config\systemprofile\.m2\repository\org\seleniumhq\selenium\selenium-edge-driver\3.141.59\selenium-edge-driver-3.141.59.jar;C:\WINDOWS\system32\config\systemprofile\.m2\repository\org\seleniumhq\selenium\selenium-firefox-driver\3.141.59\selenium-firefox-driver-3.141.59.jar;C:\WINDOWS\system32\config\systemprofile\.m2\repository\org\seleniumhq\selenium\selenium-ie-driver\3.141.59\selenium-ie-driver-3.141.59.jar;C:\WINDOWS\system32\config\systemprofile\.m2\repository\org\seleniumhq\selenium\selenium-opera-driver\3.141.59\selenium-opera-driver-3.141.59.jar;C:\WINDOWS\system32\config\systemprofile\.m2\repository\org\seleniumhq\selenium\selenium-remote-driver\3.141.59\selenium-remote-driver-3.141.59.jar;C:\WINDOWS\system32\config\systemprofile\.m2\repository\org\seleniumhq\selenium\selenium-safari-driver\3.141.59\selenium-safari-driver-3.141.59.jar;C:\WINDOWS\system32\config\systemprofile\.m2\repository\org\seleniumhq\selenium\selenium-support\3.141.59\selenium-support-3.141.59.jar;C:\WINDOWS\system32\config\systemprofile\.m2\repository\net\bytebuddy\byte-buddy\1.8.15\byte-buddy-1.8.15.jar;C:\WINDOWS\system32\config\systemprofile\.m2\repository\org\apache\commons\commons-exec\1.3\commons-exec-1.3.jar;C:\WINDOWS\system32\config\systemprofile\.m2\repository\com\google\guava\guava\25.0-jre\guava-25.0-jre.jar;C:\WINDOWS\system32\config\systemprofile\.m2\repository\com\google\code\findbugs\jsr305\1.3.9\jsr305-1.3.9.jar;C:\WINDOWS\system32\config\systemprofile\.m2\repository\org\checkerframework\checker-compat-qual\2.0.0\checker-compat-qual-2.0.0.jar;C:\WINDOWS\system32\config\systemprofile\.m2\repository\com\google\errorprone\error_prone_annotations\2.1.3\error_prone_annotations-2.1.3.jar;C:\WINDOWS\system32\config\systemprofile\.m2\repository\com\google\j2objc\j2objc-annotations\1.1\j2objc-annotations-1.1.jar;C:\WINDOWS\system32\config\systemprofile\.m2\repository\org\codehaus\mojo\animal-sniffer-annotations\1.14\animal-sniffer-annotations-1.14.jar;C:\WINDOWS\system32\config\systemprofile\.m2\repository\com\squareup\okhttp3\okhttp\3.11.0\okhttp-3.11.0.jar;C:\WINDOWS\system32\config\systemprofile\.m2\repository\com\squareup\okio\okio\1.14.0\okio-1.14.0.jar;C:\WINDOWS\system32\config\systemprofile\.m2\repository\com\automation-remarks\video-recorder-testng\1.0\video-recorder-testng-1.0.jar;C:\WINDOWS\system32\config\systemprofile\.m2\repository\com\automation-remarks\video-recorder-core\1.0\video-recorder-core-1.0.jar;C:\WINDOWS\system32\config\systemprofile\.m2\repository\ru\yandex\qatools\allure\allure-java-annotations\1.4.23\allure-java-annotations-1.4.23.jar;C:\WINDOWS\system32\config\systemprofile\.m2\repository\ru\yandex\qatools\allure\allure-model\1.4.23\allure-model-1.4.23.jar;C:\WINDOWS\system32\config\systemprofile\.m2\repository\org\jvnet\jaxb2_commons\jaxb2-basics-runtime\0.9.3\jaxb2-basics-runtime-0.9.3.jar;C:\WINDOWS\system32\config\systemprofile\.m2\repository\ru\yandex\qatools\properties\properties-loader\1.5\properties-loader-1.5.jar;C:\WINDOWS\system32\config\systemprofile\.m2\repository\commons-beanutils\commons-beanutils-core\1.8.3\commons-beanutils-core-1.8.3.jar;C:\WINDOWS\system32\config\systemprofile\.m2\repository\org\slf4j\slf4j-api\1.7.12\slf4j-api-1.7.12.jar;C:\WINDOWS\system32\config\systemprofile\.m2\repository\com\aventstack\extentreports\3.1.5\extentreports-3.1.5.jar;C:\WINDOWS\system32\config\systemprofile\.m2\repository\org\freemarker\freemarker\2.3.23\freemarker-2.3.23.jar;C:\WINDOWS\system32\config\systemprofile\.m2\repository\org\mongodb\mongodb-driver\3.3.0\mongodb-driver-3.3.0.jar;C:\WINDOWS\system32\config\systemprofile\.m2\repository\org\mongodb\bson\3.3.0\bson-3.3.0.jar;C:\WINDOWS\system32\config\systemprofile\.m2\repository\org\mongodb\mongodb-driver-core\3.3.0\mongodb-driver-core-3.3.0.jar;C:\WINDOWS\system32\config\systemprofile\.m2\repository\org\apache\httpcomponents\httpclient\4.5.2\httpclient-4.5.2.jar;C:\WINDOWS\system32\config\systemprofile\.m2\repository\org\apache\httpcomponents\httpcore\4.4.4\httpcore-4.4.4.jar;C:\WINDOWS\system32\config\systemprofile\.m2\repository\commons-logging\commons-logging\1.2\commons-logging-1.2.jar;C:\WINDOWS\system32\config\systemprofile\.m2\repository\commons-codec\commons-codec\1.9\commons-codec-1.9.jar;C:\WINDOWS\system32\config\systemprofile\.m2\repository\org\apache\httpcomponents\httpmime\4.5.2\httpmime-4.5.2.jar;C:\WINDOWS\system32\config\systemprofile\.m2\repository\org\jsoup\jsoup\1.9.2\jsoup-1.9.2.jar;C:\WINDOWS\system32\config\systemprofile\.m2\repository\com\google\code\gson\gson\2.8.0\gson-2.8.0.jar;C:\WINDOWS\system32\config\systemprofile\.m2\repository\io\rest-assured\rest-assured\4.4.0\rest-assured-4.4.0.jar;C:\WINDOWS\system32\config\systemprofile\.m2\repository\org\codehaus\groovy\groovy\3.0.8\groovy-3.0.8.jar;C:\WINDOWS\system32\config\systemprofile\.m2\repository\org\codehaus\groovy\groovy-xml\3.0.8\groovy-xml-3.0.8.jar;C:\WINDOWS\system32\config\systemprofile\.m2\repository\org\hamcrest\hamcrest\2.1\hamcrest-2.1.jar;C:\WINDOWS\system32\config\systemprofile\.m2\repository\org\ccil\cowan\tagsoup\tagsoup\1.2.1\tagsoup-1.2.1.jar;C:\WINDOWS\system32\config\systemprofile\.m2\repository\io\rest-assured\json-path\4.4.0\json-path-4.4.0.jar;C:\WINDOWS\system32\config\systemprofile\.m2\repository\org\codehaus\groovy\groovy-json\3.0.8\groovy-json-3.0.8.jar;C:\WINDOWS\system32\config\systemprofile\.m2\repository\io\rest-assured\rest-assured-common\4.4.0\rest-assured-common-4.4.0.jar;C:\WINDOWS\system32\config\systemprofile\.m2\repository\io\rest-assured\xml-path\4.4.0\xml-path-4.4.0.jar;C:\WINDOWS\system32\config\systemprofile\.m2\repository\jakarta\xml\bind\jakarta.xml.bind-api\2.3.3\jakarta.xml.bind-api-2.3.3.jar;C:\WINDOWS\system32\config\systemprofile\.m2\repository\jakarta\activation\jakarta.activation-api\1.2.2\jakarta.activation-api-1.2.2.jar;C:\WINDOWS\system32\config\systemprofile\.m2\repository\com\sun\xml\bind\jaxb-impl\2.3.3\jaxb-impl-2.3.3.jar;C:\WINDOWS\system32\config\systemprofile\.m2\repository\org\apache\commons\commons-lang3\3.11\commons-lang3-3.11.jar;C:\WINDOWS\system32\config\systemprofile\.m2\repository\org\testng\testng\7.4.0\testng-7.4.0.jar;C:\WINDOWS\system32\config\systemprofile\.m2\repository\com\beust\jcommander\1.78\jcommander-1.78.jar;C:\WINDOWS\system32\config\systemprofile\.m2\repository\org\webjars\jquery\3.5.1\jquery-3.5.1.jar;"/>
    <property name="java.vm.vendor" value="Oracle Corporation"/>
    <property name="sun.arch.data.model" value="64"/>
    <property name="user.variant" value=""/>
    <property name="java.vendor.url" value="http://java.oracle.com/"/>
    <property name="user.timezone" value="America/New_York"/>
    <property name="java.vm.specification.version" value="1.8"/>
    <property name="os.name" value="Windows 10"/>
    <property name="user.country" value="US"/>
    <property name="sun.java.launcher" value="SUN_STANDARD"/>
    <property name="sun.boot.library.path" value="C:\Program Files\Java\jdk1.8.0_291\jre\bin"/>
    <property name="sun.java.command" value="C:\Windows\Temp\surefire2362407633550978251\surefirebooter5182230479047893793.jar C:\Windows\Temp\surefire2362407633550978251 2021-07-21T21-02-54_893-jvmRun1 surefire641191190289027640tmp surefire_06034089530808691348tmp"/>
    <property name="surefire.test.class.path" value="C:\Users\Dana1\GitHub\romance05\romanceabroad05\target\test-classes;C:\Users\Dana1\GitHub\romance05\romanceabroad05\target\classes;C:\WINDOWS\system32\config\systemprofile\.m2\repository\org\seleniumhq\selenium\selenium-java\3.141.59\selenium-java-3.141.59.jar;C:\WINDOWS\system32\config\systemprofile\.m2\repository\org\seleniumhq\selenium\selenium-api\3.141.59\selenium-api-3.141.59.jar;C:\WINDOWS\system32\config\systemprofile\.m2\repository\org\seleniumhq\selenium\selenium-chrome-driver\3.141.59\selenium-chrome-driver-3.141.59.jar;C:\WINDOWS\system32\config\systemprofile\.m2\repository\org\seleniumhq\selenium\selenium-edge-driver\3.141.59\selenium-edge-driver-3.141.59.jar;C:\WINDOWS\system32\config\systemprofile\.m2\repository\org\seleniumhq\selenium\selenium-firefox-driver\3.141.59\selenium-firefox-driver-3.141.59.jar;C:\WINDOWS\system32\config\systemprofile\.m2\repository\org\seleniumhq\selenium\selenium-ie-driver\3.141.59\selenium-ie-driver-3.141.59.jar;C:\WINDOWS\system32\config\systemprofile\.m2\repository\org\seleniumhq\selenium\selenium-opera-driver\3.141.59\selenium-opera-driver-3.141.59.jar;C:\WINDOWS\system32\config\systemprofile\.m2\repository\org\seleniumhq\selenium\selenium-remote-driver\3.141.59\selenium-remote-driver-3.141.59.jar;C:\WINDOWS\system32\config\systemprofile\.m2\repository\org\seleniumhq\selenium\selenium-safari-driver\3.141.59\selenium-safari-driver-3.141.59.jar;C:\WINDOWS\system32\config\systemprofile\.m2\repository\org\seleniumhq\selenium\selenium-support\3.141.59\selenium-support-3.141.59.jar;C:\WINDOWS\system32\config\systemprofile\.m2\repository\net\bytebuddy\byte-buddy\1.8.15\byte-buddy-1.8.15.jar;C:\WINDOWS\system32\config\systemprofile\.m2\repository\org\apache\commons\commons-exec\1.3\commons-exec-1.3.jar;C:\WINDOWS\system32\config\systemprofile\.m2\repository\com\google\guava\guava\25.0-jre\guava-25.0-jre.jar;C:\WINDOWS\system32\config\systemprofile\.m2\repository\com\google\code\findbugs\jsr305\1.3.9\jsr305-1.3.9.jar;C:\WINDOWS\system32\config\systemprofile\.m2\repository\org\checkerframework\checker-compat-qual\2.0.0\checker-compat-qual-2.0.0.jar;C:\WINDOWS\system32\config\systemprofile\.m2\repository\com\google\errorprone\error_prone_annotations\2.1.3\error_prone_annotations-2.1.3.jar;C:\WINDOWS\system32\config\systemprofile\.m2\repository\com\google\j2objc\j2objc-annotations\1.1\j2objc-annotations-1.1.jar;C:\WINDOWS\system32\config\systemprofile\.m2\repository\org\codehaus\mojo\animal-sniffer-annotations\1.14\animal-sniffer-annotations-1.14.jar;C:\WINDOWS\system32\config\systemprofile\.m2\repository\com\squareup\okhttp3\okhttp\3.11.0\okhttp-3.11.0.jar;C:\WINDOWS\system32\config\systemprofile\.m2\repository\com\squareup\okio\okio\1.14.0\okio-1.14.0.jar;C:\WINDOWS\system32\config\systemprofile\.m2\repository\com\automation-remarks\video-recorder-testng\1.0\video-recorder-testng-1.0.jar;C:\WINDOWS\system32\config\systemprofile\.m2\repository\com\automation-remarks\video-recorder-core\1.0\video-recorder-core-1.0.jar;C:\WINDOWS\system32\config\systemprofile\.m2\repository\ru\yandex\qatools\allure\allure-java-annotations\1.4.23\allure-java-annotations-1.4.23.jar;C:\WINDOWS\system32\config\systemprofile\.m2\repository\ru\yandex\qatools\allure\allure-model\1.4.23\allure-model-1.4.23.jar;C:\WINDOWS\system32\config\systemprofile\.m2\repository\org\jvnet\jaxb2_commons\jaxb2-basics-runtime\0.9.3\jaxb2-basics-runtime-0.9.3.jar;C:\WINDOWS\system32\config\systemprofile\.m2\repository\ru\yandex\qatools\properties\properties-loader\1.5\properties-loader-1.5.jar;C:\WINDOWS\system32\config\systemprofile\.m2\repository\commons-beanutils\commons-beanutils-core\1.8.3\commons-beanutils-core-1.8.3.jar;C:\WINDOWS\system32\config\systemprofile\.m2\repository\org\slf4j\slf4j-api\1.7.12\slf4j-api-1.7.12.jar;C:\WINDOWS\system32\config\systemprofile\.m2\repository\com\aventstack\extentreports\3.1.5\extentreports-3.1.5.jar;C:\WINDOWS\system32\config\systemprofile\.m2\repository\org\freemarker\freemarker\2.3.23\freemarker-2.3.23.jar;C:\WINDOWS\system32\config\systemprofile\.m2\repository\org\mongodb\mongodb-driver\3.3.0\mongodb-driver-3.3.0.jar;C:\WINDOWS\system32\config\systemprofile\.m2\repository\org\mongodb\bson\3.3.0\bson-3.3.0.jar;C:\WINDOWS\system32\config\systemprofile\.m2\repository\org\mongodb\mongodb-driver-core\3.3.0\mongodb-driver-core-3.3.0.jar;C:\WINDOWS\system32\config\systemprofile\.m2\repository\org\apache\httpcomponents\httpclient\4.5.2\httpclient-4.5.2.jar;C:\WINDOWS\system32\config\systemprofile\.m2\repository\org\apache\httpcomponents\httpcore\4.4.4\httpcore-4.4.4.jar;C:\WINDOWS\system32\config\systemprofile\.m2\repository\commons-logging\commons-logging\1.2\commons-logging-1.2.jar;C:\WINDOWS\system32\config\systemprofile\.m2\repository\commons-codec\commons-codec\1.9\commons-codec-1.9.jar;C:\WINDOWS\system32\config\systemprofile\.m2\repository\org\apache\httpcomponents\httpmime\4.5.2\httpmime-4.5.2.jar;C:\WINDOWS\system32\config\systemprofile\.m2\repository\org\jsoup\jsoup\1.9.2\jsoup-1.9.2.jar;C:\WINDOWS\system32\config\systemprofile\.m2\repository\com\google\code\gson\gson\2.8.0\gson-2.8.0.jar;C:\WINDOWS\system32\config\systemprofile\.m2\repository\io\rest-assured\rest-assured\4.4.0\rest-assured-4.4.0.jar;C:\WINDOWS\system32\config\systemprofile\.m2\repository\org\codehaus\groovy\groovy\3.0.8\groovy-3.0.8.jar;C:\WINDOWS\system32\config\systemprofile\.m2\repository\org\codehaus\groovy\groovy-xml\3.0.8\groovy-xml-3.0.8.jar;C:\WINDOWS\system32\config\systemprofile\.m2\repository\org\hamcrest\hamcrest\2.1\hamcrest-2.1.jar;C:\WINDOWS\system32\config\systemprofile\.m2\repository\org\ccil\cowan\tagsoup\tagsoup\1.2.1\tagsoup-1.2.1.jar;C:\WINDOWS\system32\config\systemprofile\.m2\repository\io\rest-assured\json-path\4.4.0\json-path-4.4.0.jar;C:\WINDOWS\system32\config\systemprofile\.m2\repository\org\codehaus\groovy\groovy-json\3.0.8\groovy-json-3.0.8.jar;C:\WINDOWS\system32\config\systemprofile\.m2\repository\io\rest-assured\rest-assured-common\4.4.0\rest-assured-common-4.4.0.jar;C:\WINDOWS\system32\config\systemprofile\.m2\repository\io\rest-assured\xml-path\4.4.0\xml-path-4.4.0.jar;C:\WINDOWS\system32\config\systemprofile\.m2\repository\jakarta\xml\bind\jakarta.xml.bind-api\2.3.3\jakarta.xml.bind-api-2.3.3.jar;C:\WINDOWS\system32\config\systemprofile\.m2\repository\jakarta\activation\jakarta.activation-api\1.2.2\jakarta.activation-api-1.2.2.jar;C:\WINDOWS\system32\config\systemprofile\.m2\repository\com\sun\xml\bind\jaxb-impl\2.3.3\jaxb-impl-2.3.3.jar;C:\WINDOWS\system32\config\systemprofile\.m2\repository\org\apache\commons\commons-lang3\3.11\commons-lang3-3.11.jar;C:\WINDOWS\system32\config\systemprofile\.m2\repository\org\testng\testng\7.4.0\testng-7.4.0.jar;C:\WINDOWS\system32\config\systemprofile\.m2\repository\com\beust\jcommander\1.78\jcommander-1.78.jar;C:\WINDOWS\system32\config\systemprofile\.m2\repository\org\webjars\jquery\3.5.1\jquery-3.5.1.jar;"/>
    <property name="sun.cpu.endian" value="little"/>
    <property name="user.home" value="C:\WINDOWS\system32\config\systemprofile"/>
    <property name="user.language" value="en"/>
    <property name="java.specification.vendor" value="Oracle Corporation"/>
    <property name="java.home" value="C:\Program Files\Java\jdk1.8.0_291\jre"/>
    <property name="basedir" value="C:\Users\Dana1\GitHub\romance05\romanceabroad05"/>
    <property name="file.separator" value="\"/>
    <property name="line.separator" value="&#10;"/>
    <property name="java.vm.specification.vendor" value="Oracle Corporation"/>
    <property name="java.specification.name" value="Java Platform API Specification"/>
    <property name="java.awt.graphicsenv" value="sun.awt.Win32GraphicsEnvironment"/>
    <property name="surefire.real.class.path" value="C:\Windows\Temp\surefire2362407633550978251\surefirebooter5182230479047893793.jar"/>
    <property name="sun.boot.class.path" value="C:\Program Files\Java\jdk1.8.0_291\jre\lib\resources.jar;C:\Program Files\Java\jdk1.8.0_291\jre\lib\rt.jar;C:\Program Files\Java\jdk1.8.0_291\jre\lib\sunrsasign.jar;C:\Program Files\Java\jdk1.8.0_291\jre\lib\jsse.jar;C:\Program Files\Java\jdk1.8.0_291\jre\lib\jce.jar;C:\Program Files\Java\jdk1.8.0_291\jre\lib\charsets.jar;C:\Program Files\Java\jdk1.8.0_291\jre\lib\jfr.jar;C:\Program Files\Java\jdk1.8.0_291\jre\classes"/>
    <property name="user.script" value=""/>
    <property name="sun.management.compiler" value="HotSpot 64-Bit Tiered Compilers"/>
    <property name="java.runtime.version" value="1.8.0_291-b10"/>
    <property name="user.name" value="LAPTOP-6T1ITKLO$"/>
    <property name="path.separator" value=";"/>
    <property name="os.version" value="10.0"/>
    <property name="java.endorsed.dirs" value="C:\Program Files\Java\jdk1.8.0_291\jre\lib\endorsed"/>
    <property name="java.runtime.name" value="Java(TM) SE Runtime Environment"/>
    <property name="file.encoding" value="Cp1252"/>
    <property name="java.vm.name" value="Java HotSpot(TM) 64-Bit Server VM"/>
    <property name="localRepository" value="C:\WINDOWS\system32\config\systemprofile\.m2\repository"/>
    <property name="java.vendor.url.bug" value="http://bugreport.sun.com/bugreport/"/>
    <property name="java.io.tmpdir" value="C:\WINDOWS\TEMP\"/>
    <property name="java.version" value="1.8.0_291"/>
    <property name="user.dir" value="C:\Users\Dana1\GitHub\romance05\romanceabroad05"/>
    <property name="os.arch" value="amd64"/>
    <property name="java.vm.specification.name" value="Java Virtual Machine Specification"/>
    <property name="java.awt.printerjob" value="sun.awt.windows.WPrinterJob"/>
    <property name="sun.os.patch.level" value=""/>
    <property name="java.library.path" value="C:\Program Files\Java\jdk1.8.0_291\jre\bin;C:\WINDOWS\Sun\Java\bin;C:\WINDOWS\system32;C:\WINDOWS;C:\WINDOWS\system32\config\systemprofile\AppData\Local\Jenkins\.jenkins\tools\hudson.tasks.Maven_MavenInstallation\Maven_3.8.1/bin;C:\Program Files\Java\jdk1.8.0_291/bin;C:\Program Files\Java\jdk1.8.0_291/bin;C:\Python39\Scripts\;C:\Python39\;C:\Program Files\Java\jdk1.8.0_291\bin;C:\Program Files\Common Files\Oracle\Java\javapath;C:\Program Files (x86)\Common Files\Oracle\Java\javapath;C:\WINDOWS\system32;C:\WINDOWS;C:\WINDOWS\System32\Wbem;C:\WINDOWS\System32\WindowsPowerShell\v1.0\;C:\WINDOWS\System32\OpenSSH\;C:\Program Files\Git\cmd;;C:\Program Files\nodejs\;C:\ProgramData\chocolatey\bin;C:\WINDOWS\system32\config\systemprofile\AppData\Local\Microsoft\WindowsApps;."/>
    <property name="java.vm.info" value="mixed mode"/>
    <property name="java.vendor" value="Oracle Corporation"/>
    <property name="java.vm.version" value="25.291-b10"/>
    <property name="java.ext.dirs" value="C:\Program Files\Java\jdk1.8.0_291\jre\lib\ext;C:\WINDOWS\Sun\Java\lib\ext"/>
    <property name="sun.io.unicode.encoding" value="UnicodeLittle"/>
    <property name="java.class.version" value="52.0"/>
  </properties>
  <testcase name="setup" classname="com.romanceabroad.ui.RegistrationTests2" time="619.783">
    <failure message="session not created&#10;from timeout: Timed out receiving message from renderer: 600.000&#10;  (Session info: chrome=92.0.4515.107)&#10;Build info: version: &apos;3.141.59&apos;, revision: &apos;e82be7d358&apos;, time: &apos;2018-11-14T08:17:03&apos;&#10;System info: host: &apos;LAPTOP-6T1ITKLO&apos;, ip: &apos;192.168.1.6&apos;, os.name: &apos;Windows 10&apos;, os.arch: &apos;amd64&apos;, os.version: &apos;10.0&apos;, java.version: &apos;1.8.0_291&apos;&#10;Driver info: driver.version: ChromeDriver&#10;remote stacktrace: Backtrace:&#10;	Ordinal0 [0x00845843+2512963]&#10;	Ordinal0 [0x007DEED1+2092753]&#10;	Ordinal0 [0x006E1F48+1056584]&#10;	Ordinal0 [0x006D493D+1001789]&#10;	Ordinal0 [0x006D398D+997773]&#10;	Ordinal0 [0x006D3C46+998470]&#10;	Ordinal0 [0x006D3535+996661]&#10;	Ordinal0 [0x006DE084+1040516]&#10;	Ordinal0 [0x006D34F1+996593]&#10;	Ordinal0 [0x006D4416+1000470]&#10;	Ordinal0 [0x006D398D+997773]&#10;	Ordinal0 [0x006D3C46+998470]&#10;	Ordinal0 [0x006D3535+996661]&#10;	Ordinal0 [0x006DC0FA+1032442]&#10;	Ordinal0 [0x006D34F1+996593]&#10;	Ordinal0 [0x006D4416+1000470]&#10;	Ordinal0 [0x006D398D+997773]&#10;	Ordinal0 [0x006D3C46+998470]&#10;	Ordinal0 [0x006D3535+996661]&#10;	Ordinal0 [0x006D9FA9+1023913]&#10;	Ordinal0 [0x006D34F1+996593]&#10;	Ordinal0 [0x006D4416+1000470]&#10;	Ordinal0 [0x006D398D+997773]&#10;	Ordinal0 [0x006D3C46+998470]&#10;	Ordinal0 [0x006D3535+996661]&#10;	Ordinal0 [0x006D92CC+1020620]&#10;	Ordinal0 [0x006D34F1+996593]&#10;	Ordinal0 [0x006D4416+1000470]&#10;	Ordinal0 [0x006D398D+997773]&#10;	Ordinal0 [0x006D3C46+998470]&#10;	Ordinal0 [0x006D3535+996661]&#10;	Ordinal0 [0x006CF10D+979213]&#10;	Ordinal0 [0x006D34F1+996593]&#10;	Ordinal0 [0x006D3290+995984]&#10;	Ordinal0 [0x006D3029+995369]&#10;	Ordinal0 [0x006E3160+1061216]&#10;	Ordinal0 [0x0072A8EB+1353963]&#10;	Ordinal0 [0x007295BA+1349050]&#10;	Ordinal0 [0x007254BB+1332411]&#10;	Ordinal0 [0x00701D14+1187092]&#10;	Ordinal0 [0x00702B79+1190777]&#10;	GetHandleVerifier [0x009C0C56+1501718]&#10;	GetHandleVerifier [0x00A6E97F+2213695]&#10;	GetHandleVerifier [0x008C8C92+485970]&#10;	GetHandleVerifier [0x008C7D59+482073]&#10;	Ordinal0 [0x007E471D+2115357]&#10;	Ordinal0 [0x007E8678+2131576]&#10;	Ordinal0 [0x007E87B2+2131890]&#10;	Ordinal0 [0x007F1971+2169201]&#10;	BaseThreadInitThunk [0x765FFA29+25]&#10;	RtlGetAppContainerNamedObjectPath [0x77477A7E+286]&#10;	RtlGetAppContainerNamedObjectPath [0x77477A4E+238]&#10;" type="org.openqa.selenium.SessionNotCreatedException">org.openqa.selenium.SessionNotCreatedException: 
session not created
from timeout: Timed out receiving message from renderer: 600.000
  (Session info: chrome=92.0.4515.107)
Build info: version: '3.141.59', revision: 'e82be7d358', time: '2018-11-14T08:17:03'
System info: host: 'LAPTOP-6T1ITKLO', ip: '192.168.1.6', os.name: 'Windows 10', os.arch: 'amd64', os.version: '10.0', java.version: '1.8.0_291'
Driver info: driver.version: ChromeDriver
remote stacktrace: Backtrace:
	Ordinal0 [0x00845843+2512963]
	Ordinal0 [0x007DEED1+2092753]
	Ordinal0 [0x006E1F48+1056584]
	Ordinal0 [0x006D493D+1001789]
	Ordinal0 [0x006D398D+997773]
	Ordinal0 [0x006D3C46+998470]
	Ordinal0 [0x006D3535+996661]
	Ordinal0 [0x006DE084+1040516]
	Ordinal0 [0x006D34F1+996593]
	Ordinal0 [0x006D4416+1000470]
	Ordinal0 [0x006D398D+997773]
	Ordinal0 [0x006D3C46+998470]
	Ordinal0 [0x006D3535+996661]
	Ordinal0 [0x006DC0FA+1032442]
	Ordinal0 [0x006D34F1+996593]
	Ordinal0 [0x006D4416+1000470]
	Ordinal0 [0x006D398D+997773]
	Ordinal0 [0x006D3C46+998470]
	Ordinal0 [0x006D3535+996661]
	Ordinal0 [0x006D9FA9+1023913]
	Ordinal0 [0x006D34F1+996593]
	Ordinal0 [0x006D4416+1000470]
	Ordinal0 [0x006D398D+997773]
	Ordinal0 [0x006D3C46+998470]
	Ordinal0 [0x006D3535+996661]
	Ordinal0 [0x006D92CC+1020620]
	Ordinal0 [0x006D34F1+996593]
	Ordinal0 [0x006D4416+1000470]
	Ordinal0 [0x006D398D+997773]
	Ordinal0 [0x006D3C46+998470]
	Ordinal0 [0x006D3535+996661]
	Ordinal0 [0x006CF10D+979213]
	Ordinal0 [0x006D34F1+996593]
	Ordinal0 [0x006D3290+995984]
	Ordinal0 [0x006D3029+995369]
	Ordinal0 [0x006E3160+1061216]
	Ordinal0 [0x0072A8EB+1353963]
	Ordinal0 [0x007295BA+1349050]
	Ordinal0 [0x007254BB+1332411]
	Ordinal0 [0x00701D14+1187092]
	Ordinal0 [0x00702B79+1190777]
	GetHandleVerifier [0x009C0C56+1501718]
	GetHandleVerifier [0x00A6E97F+2213695]
	GetHandleVerifier [0x008C8C92+485970]
	GetHandleVerifier [0x008C7D59+482073]
	Ordinal0 [0x007E471D+2115357]
	Ordinal0 [0x007E8678+2131576]
	Ordinal0 [0x007E87B2+2131890]
	Ordinal0 [0x007F1971+2169201]
	BaseThreadInitThunk [0x765FFA29+25]
	RtlGetAppContainerNamedObjectPath [0x77477A7E+286]
	RtlGetAppContainerNamedObjectPath [0x77477A4E+238]

</failure>
    <system-out><![CDATA[Chrome
]]></system-out>
    <system-err><![CDATA[Starting ChromeDriver 92.0.4515.43 (8c61b7e2989f2990d42f859cac71319137787cce-refs/branch-heads/4515@{#306}) on port 4176
Only local connections are allowed.
Please see https://chromedriver.chromium.org/security-considerations for suggestions on keeping ChromeDriver safe.
ChromeDriver was started successfully.
[1626916404.564][SEVERE]: Timed out receiving message from renderer: 600.000
]]></system-err>
  </testcase>
  <testcase name="selectRandomDropDownListMaxAgeTestCase12" classname="com.romanceabroad.ui.RegistrationTests2" time="0">
    <skipped message="session not created&#10;from timeout: Timed out receiving message from renderer: 600.000&#10;  (Session info: chrome=92.0.4515.107)&#10;Build info: version: &apos;3.141.59&apos;, revision: &apos;e82be7d358&apos;, time: &apos;2018-11-14T08:17:03&apos;&#10;System info: host: &apos;LAPTOP-6T1ITKLO&apos;, ip: &apos;192.168.1.6&apos;, os.name: &apos;Windows 10&apos;, os.arch: &apos;amd64&apos;, os.version: &apos;10.0&apos;, java.version: &apos;1.8.0_291&apos;&#10;Driver info: driver.version: ChromeDriver&#10;remote stacktrace: Backtrace:&#10;	Ordinal0 [0x00845843+2512963]&#10;	Ordinal0 [0x007DEED1+2092753]&#10;	Ordinal0 [0x006E1F48+1056584]&#10;	Ordinal0 [0x006D493D+1001789]&#10;	Ordinal0 [0x006D398D+997773]&#10;	Ordinal0 [0x006D3C46+998470]&#10;	Ordinal0 [0x006D3535+996661]&#10;	Ordinal0 [0x006DE084+1040516]&#10;	Ordinal0 [0x006D34F1+996593]&#10;	Ordinal0 [0x006D4416+1000470]&#10;	Ordinal0 [0x006D398D+997773]&#10;	Ordinal0 [0x006D3C46+998470]&#10;	Ordinal0 [0x006D3535+996661]&#10;	Ordinal0 [0x006DC0FA+1032442]&#10;	Ordinal0 [0x006D34F1+996593]&#10;	Ordinal0 [0x006D4416+1000470]&#10;	Ordinal0 [0x006D398D+997773]&#10;	Ordinal0 [0x006D3C46+998470]&#10;	Ordinal0 [0x006D3535+996661]&#10;	Ordinal0 [0x006D9FA9+1023913]&#10;	Ordinal0 [0x006D34F1+996593]&#10;	Ordinal0 [0x006D4416+1000470]&#10;	Ordinal0 [0x006D398D+997773]&#10;	Ordinal0 [0x006D3C46+998470]&#10;	Ordinal0 [0x006D3535+996661]&#10;	Ordinal0 [0x006D92CC+1020620]&#10;	Ordinal0 [0x006D34F1+996593]&#10;	Ordinal0 [0x006D4416+1000470]&#10;	Ordinal0 [0x006D398D+997773]&#10;	Ordinal0 [0x006D3C46+998470]&#10;	Ordinal0 [0x006D3535+996661]&#10;	Ordinal0 [0x006CF10D+979213]&#10;	Ordinal0 [0x006D34F1+996593]&#10;	Ordinal0 [0x006D3290+995984]&#10;	Ordinal0 [0x006D3029+995369]&#10;	Ordinal0 [0x006E3160+1061216]&#10;	Ordinal0 [0x0072A8EB+1353963]&#10;	Ordinal0 [0x007295BA+1349050]&#10;	Ordinal0 [0x007254BB+1332411]&#10;	Ordinal0 [0x00701D14+1187092]&#10;	Ordinal0 [0x00702B79+1190777]&#10;	GetHandleVerifier [0x009C0C56+1501718]&#10;	GetHandleVerifier [0x00A6E97F+2213695]&#10;	GetHandleVerifier [0x008C8C92+485970]&#10;	GetHandleVerifier [0x008C7D59+482073]&#10;	Ordinal0 [0x007E471D+2115357]&#10;	Ordinal0 [0x007E8678+2131576]&#10;	Ordinal0 [0x007E87B2+2131890]&#10;	Ordinal0 [0x007F1971+2169201]&#10;	BaseThreadInitThunk [0x765FFA29+25]&#10;	RtlGetAppContainerNamedObjectPath [0x77477A7E+286]&#10;	RtlGetAppContainerNamedObjectPath [0x77477A4E+238]&#10;"/>
  </testcase>
  <testcase name="afterActions" classname="com.romanceabroad.ui.RegistrationTests2" time="0">
    <skipped/>
  </testcase>
  <testcase name="afterActions" classname="com.romanceabroad.ui.RegistrationTests2" time="0">
    <skipped/>
  </testcase>
  <testcase name="testRegistrationTestCase1" classname="com.romanceabroad.ui.RegistrationTests2" time="0">
    <skipped message="session not created&#10;from timeout: Timed out receiving message from renderer: 600.000&#10;  (Session info: chrome=92.0.4515.107)&#10;Build info: version: &apos;3.141.59&apos;, revision: &apos;e82be7d358&apos;, time: &apos;2018-11-14T08:17:03&apos;&#10;System info: host: &apos;LAPTOP-6T1ITKLO&apos;, ip: &apos;192.168.1.6&apos;, os.name: &apos;Windows 10&apos;, os.arch: &apos;amd64&apos;, os.version: &apos;10.0&apos;, java.version: &apos;1.8.0_291&apos;&#10;Driver info: driver.version: ChromeDriver&#10;remote stacktrace: Backtrace:&#10;	Ordinal0 [0x00845843+2512963]&#10;	Ordinal0 [0x007DEED1+2092753]&#10;	Ordinal0 [0x006E1F48+1056584]&#10;	Ordinal0 [0x006D493D+1001789]&#10;	Ordinal0 [0x006D398D+997773]&#10;	Ordinal0 [0x006D3C46+998470]&#10;	Ordinal0 [0x006D3535+996661]&#10;	Ordinal0 [0x006DE084+1040516]&#10;	Ordinal0 [0x006D34F1+996593]&#10;	Ordinal0 [0x006D4416+1000470]&#10;	Ordinal0 [0x006D398D+997773]&#10;	Ordinal0 [0x006D3C46+998470]&#10;	Ordinal0 [0x006D3535+996661]&#10;	Ordinal0 [0x006DC0FA+1032442]&#10;	Ordinal0 [0x006D34F1+996593]&#10;	Ordinal0 [0x006D4416+1000470]&#10;	Ordinal0 [0x006D398D+997773]&#10;	Ordinal0 [0x006D3C46+998470]&#10;	Ordinal0 [0x006D3535+996661]&#10;	Ordinal0 [0x006D9FA9+1023913]&#10;	Ordinal0 [0x006D34F1+996593]&#10;	Ordinal0 [0x006D4416+1000470]&#10;	Ordinal0 [0x006D398D+997773]&#10;	Ordinal0 [0x006D3C46+998470]&#10;	Ordinal0 [0x006D3535+996661]&#10;	Ordinal0 [0x006D92CC+1020620]&#10;	Ordinal0 [0x006D34F1+996593]&#10;	Ordinal0 [0x006D4416+1000470]&#10;	Ordinal0 [0x006D398D+997773]&#10;	Ordinal0 [0x006D3C46+998470]&#10;	Ordinal0 [0x006D3535+996661]&#10;	Ordinal0 [0x006CF10D+979213]&#10;	Ordinal0 [0x006D34F1+996593]&#10;	Ordinal0 [0x006D3290+995984]&#10;	Ordinal0 [0x006D3029+995369]&#10;	Ordinal0 [0x006E3160+1061216]&#10;	Ordinal0 [0x0072A8EB+1353963]&#10;	Ordinal0 [0x007295BA+1349050]&#10;	Ordinal0 [0x007254BB+1332411]&#10;	Ordinal0 [0x00701D14+1187092]&#10;	Ordinal0 [0x00702B79+1190777]&#10;	GetHandleVerifier [0x009C0C56+1501718]&#10;	GetHandleVerifier [0x00A6E97F+2213695]&#10;	GetHandleVerifier [0x008C8C92+485970]&#10;	GetHandleVerifier [0x008C7D59+482073]&#10;	Ordinal0 [0x007E471D+2115357]&#10;	Ordinal0 [0x007E8678+2131576]&#10;	Ordinal0 [0x007E87B2+2131890]&#10;	Ordinal0 [0x007F1971+2169201]&#10;	BaseThreadInitThunk [0x765FFA29+25]&#10;	RtlGetAppContainerNamedObjectPath [0x77477A7E+286]&#10;	RtlGetAppContainerNamedObjectPath [0x77477A4E+238]&#10;"/>
    <system-out><![CDATA[Chrome
]]></system-out>
    <system-err><![CDATA[Starting ChromeDriver 92.0.4515.43 (8c61b7e2989f2990d42f859cac71319137787cce-refs/branch-heads/4515@{#306}) on port 9020
Only local connections are allowed.
Please see https://chromedriver.chromium.org/security-considerations for suggestions on keeping ChromeDriver safe.
ChromeDriver was started successfully.
Jul 21, 2021 9:13:29 PM org.openqa.selenium.remote.ProtocolHandshake createSession
INFO: Detected dialect: W3C
Video recording
[C:\Users\Dana1\GitHub\romance05\romanceabroad05\video\Registration test_recording_2021_21_07_21_13_36.avi]
]]></system-err>
  </testcase>
</testsuite>