<?xml version="1.0" encoding="UTF-8"?>
<!-- Generated by org.testng.reporters.JUnitReportReporter -->
<testsuite skipped="2" hostname="LAPTOP-6T1ITKLO" name="com.romanceabroad.ui.TourTests" tests="3" failures="0" timestamp="2021-07-21T21:26:06 EDT" time="19.884" errors="0">
  <testcase name="testSearchTourTestCase2" time="19.884" classname="com.romanceabroad.ui.TourTests"/>
  <system-out/>
  <testcase name="testLinkTourTestCase1" classname="com.romanceabroad.ui.TourTests">
    <skipped/>
  </testcase> <!-- testLinkTourTestCase1 -->
  <system-out/>
  <testcase name="testGetLinksSizeLoopsTestCase3" classname="com.romanceabroad.ui.TourTests">
    <skipped/>
  </testcase> <!-- testGetLinksSizeLoopsTestCase3 -->
  <system-out/>
</testsuite> <!-- com.romanceabroad.ui.TourTests -->
