<?xml version="1.0" encoding="UTF-8"?>
<!-- Generated by org.testng.reporters.JUnitReportReporter -->
<testsuite skipped="0" hostname="LAPTOP-6T1ITKLO" name="com.romanceabroad.ui.RegistrationTests2" tests="2" failures="0" timestamp="2021-07-20T13:54:23 EDT" time="39.556" errors="0">
  <testcase name="selectRandomDropDownListMaxAgeTestCase12" time="19.464" classname="com.romanceabroad.ui.RegistrationTests2"/>
  <system-out/>
  <testcase name="testRegistrationTestCase1" time="20.092" classname="com.romanceabroad.ui.RegistrationTests2"/>
  <system-out/>
</testsuite> <!-- com.romanceabroad.ui.RegistrationTests2 -->
