<?xml version="1.0" encoding="UTF-8"?>
<!-- Generated by org.testng.reporters.JUnitReportReporter -->
<testsuite skipped="0" hostname="LAPTOP-6T1ITKLO" name="com.romanceabroad.ui.MediaTests" tests="1" failures="0" timestamp="2021-07-21T16:04:20 EDT" time="27.358" errors="0">
  <testcase name="testGetLinkMediaAssertEqualTestCase1" time="27.358" classname="com.romanceabroad.ui.MediaTests"/>
  <system-out/>
</testsuite> <!-- com.romanceabroad.ui.MediaTests -->
