<?xml version="1.0" encoding="UTF-8"?>
<!-- Generated by org.testng.reporters.JUnitReportReporter -->
<testsuite skipped="0" hostname="LAPTOP-6T1ITKLO" name="com.romanceabroad.ui.RegistrationTests2" tests="2" failures="0" timestamp="2021-07-21T15:02:31 EDT" time="64.756" errors="0">
  <testcase name="testRegistrationTestCase1" time="31.370" classname="com.romanceabroad.ui.RegistrationTests2"/>
  <system-out/>
  <testcase name="selectRandomDropDownListMaxAgeTestCase12" time="33.386" classname="com.romanceabroad.ui.RegistrationTests2"/>
  <system-out/>
</testsuite> <!-- com.romanceabroad.ui.RegistrationTests2 -->
