<?xml version="1.0" encoding="UTF-8"?>
<!-- Generated by org.testng.reporters.JUnitReportReporter -->
<testsuite skipped="0" hostname="LAPTOP-6T1ITKLO" name="com.romanceabroad.ui.RegistrationTests2" tests="2" failures="0" timestamp="2021-07-21T20:49:08 EDT" time="66.535" errors="0">
  <testcase name="testRegistrationTestCase1" time="28.065" classname="com.romanceabroad.ui.RegistrationTests2"/>
  <system-out/>
  <testcase name="selectRandomDropDownListMaxAgeTestCase12" time="38.470" classname="com.romanceabroad.ui.RegistrationTests2"/>
  <system-out/>
</testsuite> <!-- com.romanceabroad.ui.RegistrationTests2 -->
