<?xml version="1.0" encoding="UTF-8"?>
<!-- Generated by org.testng.reporters.JUnitReportReporter -->
<testsuite skipped="0" hostname="LAPTOP-6T1ITKLO" name="com.romanceabroad.ui.RegistrationTests2" tests="2" failures="0" timestamp="2021-07-21T13:24:05 EDT" time="60.340" errors="0">
  <testcase name="selectRandomDropDownListMaxAgeTestCase12" time="28.423" classname="com.romanceabroad.ui.RegistrationTests2"/>
  <system-out/>
  <testcase name="testRegistrationTestCase1" time="31.917" classname="com.romanceabroad.ui.RegistrationTests2"/>
  <system-out/>
</testsuite> <!-- com.romanceabroad.ui.RegistrationTests2 -->
