<?xml version="1.0" encoding="UTF-8"?>
<!-- Generated by org.testng.reporters.JUnitReportReporter -->
<testsuite skipped="0" hostname="LAPTOP-6T1ITKLO" name="com.romanceabroad.ui.RegistrationTests2" tests="2" failures="0" timestamp="2021-07-20T09:37:14 EDT" time="55.065" errors="0">
  <testcase name="selectRandomDropDownListMaxAgeTestCase12" time="25.203" classname="com.romanceabroad.ui.RegistrationTests2"/>
  <system-out/>
  <testcase name="testRegistrationTestCase1" time="29.862" classname="com.romanceabroad.ui.RegistrationTests2"/>
  <system-out/>
</testsuite> <!-- com.romanceabroad.ui.RegistrationTests2 -->
